This is pdfTeX, Version 3.1415926-2.5-1.40.14 (MiKTeX 2.9 64-bit) (preloaded format=pdflatex 2015.5.19)  2 OCT 2015 00:57
entering extended mode
**submission.tex

(C:\Users\Ayush\Documents\GitHub\github.ccs.neu.edu\CS-5800\Week01\submission.t
ex
LaTeX2e <2011/06/27>
Babel <v3.8m> and hyphenation patterns for english, afrikaans, ancientgreek, ar
abic, armenian, assamese, basque, bengali, bokmal, bulgarian, catalan, coptic, 
croatian, czech, danish, dutch, esperanto, estonian, farsi, finnish, french, ga
lician, german, german-x-2013-05-26, greek, gujarati, hindi, hungarian, iceland
ic, indonesian, interlingua, irish, italian, kannada, kurmanji, latin, latvian,
 lithuanian, malayalam, marathi, mongolian, mongolianlmc, monogreek, ngerman, n
german-x-2013-05-26, nynorsk, oriya, panjabi, pinyin, polish, portuguese, roman
ian, russian, sanskrit, serbian, slovak, slovenian, spanish, swedish, swissgerm
an, tamil, telugu, turkish, turkmen, ukenglish, ukrainian, uppersorbian, usengl
ishmax, welsh, loaded.
("C:\Program Files\MiKTeX 2.9\tex\latex\base\article.cls"
Document Class: article 2007/10/19 v1.4h Standard LaTeX document class
("C:\Program Files\MiKTeX 2.9\tex\latex\base\size12.clo"
File: size12.clo 2007/10/19 v1.4h Standard LaTeX file (size option)
)
\c@part=\count79
\c@section=\count80
\c@subsection=\count81
\c@subsubsection=\count82
\c@paragraph=\count83
\c@subparagraph=\count84
\c@figure=\count85
\c@table=\count86
\abovecaptionskip=\skip41
\belowcaptionskip=\skip42
\bibindent=\dimen102
)
("C:\Program Files\MiKTeX 2.9\tex\latex\amscls\amsthm.sty"
Package: amsthm 2004/08/06 v2.20
\thm@style=\toks14
\thm@bodyfont=\toks15
\thm@headfont=\toks16
\thm@notefont=\toks17
\thm@headpunct=\toks18
\thm@preskip=\skip43
\thm@postskip=\skip44
\thm@headsep=\skip45
\dth@everypar=\toks19
)
("C:\Program Files\MiKTeX 2.9\tex\latex\amsfonts\amssymb.sty"
Package: amssymb 2013/01/14 v3.01 AMS font symbols

("C:\Program Files\MiKTeX 2.9\tex\latex\amsfonts\amsfonts.sty"
Package: amsfonts 2013/01/14 v3.01 Basic AMSFonts support
\@emptytoks=\toks20
\symAMSa=\mathgroup4
\symAMSb=\mathgroup5
LaTeX Font Info:    Overwriting math alphabet `\mathfrak' in version `bold'
(Font)                  U/euf/m/n --> U/euf/b/n on input line 106.
))
(C:\Users\Ayush\AppData\Roaming\MiKTeX\2.9\tex\latex\preprint\fullpage.sty
Package: fullpage 1999/02/23 1.1 (PWD)
\FP@margin=\skip46
)
(C:\Users\Ayush\Documents\GitHub\github.ccs.neu.edu\CS-5800\Week01\submission.a
ux)
LaTeX Font Info:    Checking defaults for OML/cmm/m/it on input line 5.
LaTeX Font Info:    ... okay on input line 5.
LaTeX Font Info:    Checking defaults for T1/cmr/m/n on input line 5.
LaTeX Font Info:    ... okay on input line 5.
LaTeX Font Info:    Checking defaults for OT1/cmr/m/n on input line 5.
LaTeX Font Info:    ... okay on input line 5.
LaTeX Font Info:    Checking defaults for OMS/cmsy/m/n on input line 5.
LaTeX Font Info:    ... okay on input line 5.
LaTeX Font Info:    Checking defaults for OMX/cmex/m/n on input line 5.
LaTeX Font Info:    ... okay on input line 5.
LaTeX Font Info:    Checking defaults for U/cmr/m/n on input line 5.
LaTeX Font Info:    ... okay on input line 5.
LaTeX Font Info:    Try loading font information for U+msa on input line 8.
 ("C:\Program Files\MiKTeX 2.9\tex\latex\amsfonts\umsa.fd"
File: umsa.fd 2013/01/14 v3.01 AMS symbols A
)
LaTeX Font Info:    Try loading font information for U+msb on input line 8.

("C:\Program Files\MiKTeX 2.9\tex\latex\amsfonts\umsb.fd"
File: umsb.fd 2013/01/14 v3.01 AMS symbols B
) [1

{C:/Users/Ayush/AppData/Local/MiKTeX/2.9/pdftex/config/pdftex.map}]
Underfull \hbox (badness 10000) in paragraph at lines 51--57

 []


Underfull \hbox (badness 10000) in paragraph at lines 58--59

 []


Underfull \hbox (badness 10000) in paragraph at lines 60--61

 []


Underfull \hbox (badness 10000) in paragraph at lines 63--64

 []


Underfull \hbox (badness 10000) in paragraph at lines 65--66

 []


Underfull \hbox (badness 10000) in paragraph at lines 67--69

 []


Underfull \hbox (badness 10000) in paragraph at lines 72--76

 []

[2] [3] [4]
Overfull \hbox (5.34346pt too wide) in paragraph at lines 163--188
$\OML/cmm/m/it/12 P\OT1/cmr/m/n/12 (\OML/cmm/m/it/12 n \OT1/cmr/m/n/12 + 1)$: $
[]$ 
 []


Underfull \hbox (badness 10000) in paragraph at lines 163--188

 []


Underfull \hbox (badness 10000) in paragraph at lines 163--188

 []

[5]

LaTeX Warning: Command \textless invalid in math mode on input line 221.

LaTeX Font Info:    Try loading font information for OML+cmr on input line 221.

("C:\Program Files\MiKTeX 2.9\tex\latex\base\omlcmr.fd"
File: omlcmr.fd 1999/05/25 v2.5h Standard LaTeX font definitions
)
LaTeX Font Info:    Font shape `OML/cmr/m/n' in size <12> not available
(Font)              Font shape `OML/cmm/m/it' tried instead on input line 221.


LaTeX Warning: Command \textless invalid in math mode on input line 221.


LaTeX Warning: Command \textless invalid in math mode on input line 222.


LaTeX Warning: Command \textless invalid in math mode on input line 222.


LaTeX Warning: Command \textless invalid in math mode on input line 224.


LaTeX Warning: Command \textless invalid in math mode on input line 224.


LaTeX Warning: Command \textless invalid in math mode on input line 225.


LaTeX Warning: Command \textless invalid in math mode on input line 225.


LaTeX Warning: Command \textless invalid in math mode on input line 226.


LaTeX Warning: Command \textless invalid in math mode on input line 226.


LaTeX Warning: Command \textless invalid in math mode on input line 227.


LaTeX Warning: Command \textless invalid in math mode on input line 227.


LaTeX Warning: Command \textless invalid in math mode on input line 229.


LaTeX Warning: Command \textless invalid in math mode on input line 229.


LaTeX Warning: Command \textless invalid in math mode on input line 231.


LaTeX Warning: Command \textless invalid in math mode on input line 231.


LaTeX Warning: Command \textless invalid in math mode on input line 232.


LaTeX Warning: Command \textless invalid in math mode on input line 232.


LaTeX Warning: Command \textless invalid in math mode on input line 233.


LaTeX Warning: Command \textless invalid in math mode on input line 233.


LaTeX Warning: Command \textless invalid in math mode on input line 234.


LaTeX Warning: Command \textless invalid in math mode on input line 234.


LaTeX Warning: Command \textless invalid in math mode on input line 235.


LaTeX Warning: Command \textless invalid in math mode on input line 235.


LaTeX Warning: Command \textless invalid in math mode on input line 236.


LaTeX Warning: Command \textless invalid in math mode on input line 236.


LaTeX Warning: Command \textless invalid in math mode on input line 237.


LaTeX Warning: Command \textless invalid in math mode on input line 237.


LaTeX Warning: Command \textless invalid in math mode on input line 238.


LaTeX Warning: Command \textless invalid in math mode on input line 238.


LaTeX Warning: Command \textless invalid in math mode on input line 239.


LaTeX Warning: Command \textless invalid in math mode on input line 239.


Overfull \hbox (33.77371pt too wide) in paragraph at lines 220--241
$\OML/cmm/m/it/12 g[][]g[][]g[] \OT1/cmr/m/n/12 = \OML/cmm/m/it/12 g[][]g[][]g[
][]g[][]g[] \OMS/cmsy/m/n/12  \OML/cmm/m/it/12 g[][]g[] \OMS/cmsy/m/n/12  \OM
L/cmm/m/it/12 g[][]g[][]g[][]g[][]g[][]g[][]g[][]g[][]g[][]g[]$ 
 []


LaTeX Warning: Command \textgreater invalid in math mode on input line 253.


LaTeX Warning: Command \textgreater invalid in math mode on input line 253.


LaTeX Warning: Command \textgreater invalid in math mode on input line 253.


LaTeX Warning: Command \textgreater invalid in math mode on input line 253.


Underfull \hbox (badness 10000) in paragraph at lines 247--256

 []


LaTeX Warning: Command \textgreater invalid in math mode on input line 258.


LaTeX Warning: Command \textgreater invalid in math mode on input line 258.


LaTeX Warning: Command \textgreater invalid in math mode on input line 258.


LaTeX Warning: Command \textgreater invalid in math mode on input line 258.


LaTeX Warning: Command \textgreater invalid in math mode on input line 260.


LaTeX Warning: Command \textgreater invalid in math mode on input line 260.


LaTeX Warning: Command \textgreater invalid in math mode on input line 265.


LaTeX Warning: Command \textgreater invalid in math mode on input line 265.


LaTeX Warning: Command \textgreater invalid in math mode on input line 265.


LaTeX Warning: Command \textgreater invalid in math mode on input line 265.


Underfull \hbox (badness 10000) in paragraph at lines 257--268

 []

[6]

LaTeX Warning: Command \textgreater invalid in math mode on input line 270.


LaTeX Warning: Command \textgreater invalid in math mode on input line 270.


LaTeX Warning: Command \textgreater invalid in math mode on input line 270.


LaTeX Warning: Command \textgreater invalid in math mode on input line 270.


LaTeX Warning: Command \textgreater invalid in math mode on input line 272.


LaTeX Warning: Command \textgreater invalid in math mode on input line 272.


Underfull \hbox (badness 10000) in paragraph at lines 269--276

 []


LaTeX Warning: Command \textgreater invalid in math mode on input line 278.


LaTeX Warning: Command \textgreater invalid in math mode on input line 278.


LaTeX Warning: Command \textgreater invalid in math mode on input line 281.


LaTeX Warning: Command \textgreater invalid in math mode on input line 281.


LaTeX Warning: Command \textgreater invalid in math mode on input line 281.


LaTeX Warning: Command \textgreater invalid in math mode on input line 281.


Underfull \hbox (badness 10000) in paragraph at lines 277--283

 []


LaTeX Warning: Command \textgreater invalid in math mode on input line 294.


LaTeX Warning: Command \textgreater invalid in math mode on input line 294.


LaTeX Warning: Command \textgreater invalid in math mode on input line 294.


LaTeX Warning: Command \textgreater invalid in math mode on input line 294.


LaTeX Warning: Command \textless invalid in math mode on input line 294.


LaTeX Warning: Command \textless invalid in math mode on input line 294.

Missing character: There is no â in font cmr12!
Missing character: There is no € in font cmr12!
Missing character: There is no ™ in font cmr12!

LaTeX Warning: Command \textgreater invalid in math mode on input line 296.


LaTeX Warning: Command \textgreater invalid in math mode on input line 296.


LaTeX Warning: Command \textgreater invalid in math mode on input line 296.


LaTeX Warning: Command \textgreater invalid in math mode on input line 296.


LaTeX Warning: Command \textgreater invalid in math mode on input line 306.


LaTeX Warning: Command \textgreater invalid in math mode on input line 306.


LaTeX Warning: Command \textgreater invalid in math mode on input line 306.


LaTeX Warning: Command \textgreater invalid in math mode on input line 306.


LaTeX Warning: Command \textgreater invalid in math mode on input line 308.


LaTeX Warning: Command \textgreater invalid in math mode on input line 308.


LaTeX Warning: Command \textgreater invalid in math mode on input line 308.


LaTeX Warning: Command \textgreater invalid in math mode on input line 308.


Underfull \hbox (badness 10000) in paragraph at lines 301--314

 []

[7]

LaTeX Warning: Command \textgreater invalid in math mode on input line 321.


LaTeX Warning: Command \textgreater invalid in math mode on input line 321.


LaTeX Warning: Command \textgreater invalid in math mode on input line 321.


LaTeX Warning: Command \textgreater invalid in math mode on input line 321.


LaTeX Warning: Command \textgreater invalid in math mode on input line 323.


LaTeX Warning: Command \textgreater invalid in math mode on input line 323.


LaTeX Warning: Command \textgreater invalid in math mode on input line 323.


LaTeX Warning: Command \textgreater invalid in math mode on input line 323.


LaTeX Warning: Command \textless invalid in math mode on input line 328.


LaTeX Warning: Command \textless invalid in math mode on input line 328.


Underfull \hbox (badness 10000) in paragraph at lines 316--329

 []

LaTeX Font Info:    Try loading font information for OMS+cmr on input line 340.

("C:\Program Files\MiKTeX 2.9\tex\latex\base\omscmr.fd"
File: omscmr.fd 1999/05/25 v2.5h Standard LaTeX font definitions
)
LaTeX Font Info:    Font shape `OMS/cmr/m/n' in size <12> not available
(Font)              Font shape `OMS/cmsy/m/n' tried instead on input line 340.


LaTeX Warning: Command \textless invalid in math mode on input line 343.


LaTeX Warning: Command \textless invalid in math mode on input line 343.


LaTeX Warning: Command \textless invalid in math mode on input line 343.


LaTeX Warning: Command \textless invalid in math mode on input line 343.


Underfull \hbox (badness 10000) in paragraph at lines 352--355

 []

[8]
Overfull \hbox (6.21521pt too wide) in paragraph at lines 362--365
\OT1/cmr/m/n/12 Now we ac-tu-ally can't use the mas-ter method to solve this re
-cur-rence relation[[]]
 []


LaTeX Warning: Command \textless invalid in math mode on input line 376.


LaTeX Warning: Command \textless invalid in math mode on input line 376.

[9]

LaTeX Warning: Command \textunderscore invalid in math mode on input line 408.


Underfull \hbox (badness 10000) in paragraph at lines 410--411
[]\OT1/cmr/m/n/12 Recurrence re-la-tions not solv-able by the mas-ter method
 []


Overfull \hbox (3.97247pt too wide) in paragraph at lines 410--411
\OT1/cmtt/m/n/12 http://www.cs.cornell.edu/courses/cs3110/2011sp/recitations/re
c19.htm
 []


! LaTeX Error: \begin{enumerate} on input line 19 ended by \end{document}.

See the LaTeX manual or LaTeX Companion for explanation.
Type  H <return>  for immediate help.
 ...                                              
                                                  
l.413 \end{document}
                    
Your command was ignored.
Type  I <command> <return>  to replace it with another command,
or  <return>  to continue without it.

[10]
(C:\Users\Ayush\Documents\GitHub\github.ccs.neu.edu\CS-5800\Week01\submission.a
ux) )
(\end occurred inside a group at level 1)

### semi simple group (level 1) entered at line 19 (\begingroup)
### bottom level 
Here is how much of TeX's memory you used:
 683 strings out of 493921
 8236 string characters out of 3147282
 60514 words of memory out of 3000000
 4017 multiletter control sequences out of 15000+200000
 9674 words of font info for 37 fonts, out of 3000000 for 9000
 841 hyphenation exceptions out of 8191
 25i,9n,26p,617b,357s stack positions out of 5000i,500n,10000p,200000b,50000s
<C:/Program Files/MiKTeX 2.9/fonts/type1/public/amsfonts/cm/cmb
x12.pfb><C:/Program Files/MiKTeX 2.9/fonts/type1/public/amsfonts/cm/cmex10.pfb>
<C:/Program Files/MiKTeX 2.9/fonts/type1/public/amsfonts/cm/cmmi12.pfb><C:/Prog
ram Files/MiKTeX 2.9/fonts/type1/public/amsfonts/cm/cmmi6.pfb><C:/Program Files
/MiKTeX 2.9/fonts/type1/public/amsfonts/cm/cmmi8.pfb><C:/Program Files/MiKTeX 2
.9/fonts/type1/public/amsfonts/cm/cmr12.pfb><C:/Program Files/MiKTeX 2.9/fonts/
type1/public/amsfonts/cm/cmr6.pfb><C:/Program Files/MiKTeX 2.9/fonts/type1/publ
ic/amsfonts/cm/cmr8.pfb><C:/Program Files/MiKTeX 2.9/fonts/type1/public/amsfont
s/cm/cmsy10.pfb><C:/Program Files/MiKTeX 2.9/fonts/type1/public/amsfonts/cm/cms
y8.pfb><C:/Program Files/MiKTeX 2.9/fonts/type1/public/amsfonts/cm/cmtt12.pfb>
Output written on submission.pdf (10 pages, 152615 bytes).
PDF statistics:
 79 PDF objects out of 1000 (max. 8388607)
 0 named destinations out of 1000 (max. 500000)
 1 words of extra memory for PDF output out of 10000 (max. 10000000)

